* Starting client
* Connecting to master process on port 4208
* Analyzing classpath: 
  - /Users/saisreemareddy/IdeaProjects/AVLTree-B/target/classes
  - /Users/saisreemareddy/.m2/repository/junit/junit/4.12/junit-4.12.jar
  - /Users/saisreemareddy/.m2/repository/org/hamcrest/hamcrest-core/1.3/hamcrest-core-1.3.jar
* Finished analyzing classpath
* Generating tests for class AVLTree
* Test criteria:
  - Line Coverage
  - Branch Coverage
  - Exception
  - Mutation testing (weak)
  - Method-Output Coverage
  - Top-Level Method Coverage
  - No-Exception Top-Level Method Coverage
  - Context Branch Coverage
* Setting up search algorithm for whole suite generation
[MASTER] 22:11:39.600 [pool-2-thread-1] WARN  TestSuiteSerialization - Cannot load tests because file does not exist: /Users/saisreemareddy/IdeaProjects/AVLTree-B/.evosuite/evosuite-seeds/AVLTree.seed
* Loaded 0 tests from /Users/saisreemareddy/IdeaProjects/AVLTree-B/.evosuite/evosuite-seeds/AVLTree.seed
* Total number of test goals: 
  - Line 73
  - Branch 48
  - Exception 0
  - MutationFactory 177
  - Output 10
  - Method 8
  - MethodNoException 8
  - CBranchFitnessFactory 48
* Using seed 1650165097037
* Starting evolution
* Search finished after 68s and 29 generations, 18072 statements, best individual has fitness: 24.142857142857142
* Writing sequences to pool
* Minimizing test suite
[MASTER] 22:13:05.581 [pool-2-thread-1] WARN  TestSuiteMinimizer - Minimization timeout. Roll back to original test suite
[MASTER] 22:13:05.589 [pool-2-thread-1] WARN  TimeController - Phase MINIMIZATION lasted too long, 2 seconds more than allowed.
* Going to analyze the coverage criteria
* Coverage analysis for criterion LINE
* Coverage of criterion LINE: 100%
* Total number of goals: 73
* Number of covered goals: 73
* Coverage analysis for criterion BRANCH
* Coverage of criterion BRANCH: 98%
* Total number of goals: 48
* Number of covered goals: 47
* Coverage analysis for criterion EXCEPTION
* Coverage of criterion EXCEPTION: 100%
* Total number of goals: 6
* Number of covered goals: 6
* Coverage analysis for criterion WEAKMUTATION
* Coverage of criterion WEAKMUTATION: 98%
* Total number of goals: 177
* Number of covered goals: 173
* Coverage analysis for criterion OUTPUT
* Coverage of criterion OUTPUT: 100%
* Total number of goals: 10
* Number of covered goals: 10
* Coverage analysis for criterion METHOD
* Coverage of criterion METHOD: 100%
* Total number of goals: 8
* Number of covered goals: 8
* Coverage analysis for criterion METHODNOEXCEPTION
* Coverage of criterion METHODNOEXCEPTION: 100%
* Total number of goals: 8
* Number of covered goals: 8
* Coverage analysis for criterion CBRANCH
* Coverage of criterion CBRANCH: 58%
* Total number of goals: 48
* Number of covered goals: 28
* Generated 37 tests with total length 424
* Resulting test suite's coverage: 94% (average coverage for all fitness functions)
* Generating assertions
[MASTER] 22:13:14.939 [pool-2-thread-1] WARN  SimpleMutationAssertionGenerator - Reached maximum time to generate assertions, aborting assertion generation
* Resulting test suite's mutation score: 53%
* Compiling and checking tests
* Writing JUnit test case 'AVLTree_ESTest' to /Users/saisreemareddy/IdeaProjects/AVLTree-B/.evosuite/tmp_2022_04_16_22_11_34/tests
* Done!

